2015-12-21 16:01:33,403 [INFO ] org.springframework.context.support.ClassPathXmlApplicationContext  - Refreshing org.springframework.context.support.ClassPathXmlApplicationContext@2c41f4: display name [org.springframework.context.support.ClassPathXmlApplicationContext@2c41f4]; startup date [Mon Dec 21 16:01:33 CST 2015]; root of context hierarchy
2015-12-21 16:01:33,479 [DEBUG] org.springframework.core.CollectionFactory  - Falling back to plain synchronized [java.util.HashMap] for concurrent map
2015-12-21 16:01:33,480 [DEBUG] org.springframework.core.CollectionFactory  - Falling back to plain synchronized [java.util.HashMap] for concurrent map
2015-12-21 16:01:33,480 [DEBUG] org.springframework.core.CollectionFactory  - Falling back to plain synchronized [java.util.HashMap] for concurrent map
2015-12-21 16:01:33,480 [DEBUG] org.springframework.core.CollectionFactory  - Falling back to plain synchronized [java.util.HashMap] for concurrent map
2015-12-21 16:01:33,480 [DEBUG] org.springframework.core.CollectionFactory  - Falling back to plain synchronized [java.util.HashMap] for concurrent map
2015-12-21 16:01:33,480 [DEBUG] org.springframework.core.CollectionFactory  - Falling back to plain synchronized [java.util.HashMap] for concurrent map
2015-12-21 16:01:33,480 [DEBUG] org.springframework.core.CollectionFactory  - Falling back to plain synchronized [java.util.HashMap] for concurrent map
2015-12-21 16:01:33,485 [DEBUG] org.springframework.core.CollectionFactory  - Falling back to plain synchronized [java.util.HashMap] for concurrent map
2015-12-21 16:01:33,486 [DEBUG] org.springframework.core.CollectionFactory  - Falling back to plain synchronized [java.util.HashMap] for concurrent map
2015-12-21 16:01:33,533 [INFO ] org.springframework.beans.factory.xml.XmlBeanDefinitionReader  - Loading XML bean definitions from class path resource [applicationContext.xml]
2015-12-21 16:01:33,536 [DEBUG] org.springframework.beans.factory.xml.DefaultDocumentLoader  - Using JAXP provider [com.sun.org.apache.xerces.internal.jaxp.DocumentBuilderFactoryImpl]
2015-12-21 16:01:33,568 [DEBUG] org.springframework.beans.factory.xml.PluggableSchemaResolver  - Loading schema mappings from [META-INF/spring.schemas]
2015-12-21 16:01:33,572 [DEBUG] org.springframework.beans.factory.xml.PluggableSchemaResolver  - Loaded schema mappings: {http://www.springframework.org/schema/lang/spring-lang-2.5.xsd=org/springframework/scripting/config/spring-lang-2.5.xsd, http://www.springframework.org/schema/lang/spring-lang.xsd=org/springframework/scripting/config/spring-lang-2.5.xsd, http://www.springframework.org/schema/context/spring-context-2.5.xsd=org/springframework/context/config/spring-context-2.5.xsd, http://www.springframework.org/schema/jms/spring-jms-2.5.xsd=org/springframework/jms/config/spring-jms-2.5.xsd, http://www.springframework.org/schema/context/spring-context.xsd=org/springframework/context/config/spring-context-2.5.xsd, http://www.springframework.org/schema/aop/spring-aop.xsd=org/springframework/aop/config/spring-aop-2.5.xsd, http://www.springframework.org/schema/util/spring-util-2.0.xsd=org/springframework/beans/factory/xml/spring-util-2.0.xsd, http://www.springframework.org/schema/util/spring-util-2.5.xsd=org/springframework/beans/factory/xml/spring-util-2.5.xsd, http://www.springframework.org/schema/tool/spring-tool-2.0.xsd=org/springframework/beans/factory/xml/spring-tool-2.0.xsd, http://www.springframework.org/schema/tx/spring-tx-2.0.xsd=org/springframework/transaction/config/spring-tx-2.0.xsd, http://www.springframework.org/schema/tool/spring-tool-2.5.xsd=org/springframework/beans/factory/xml/spring-tool-2.5.xsd, http://www.springframework.org/schema/tx/spring-tx-2.5.xsd=org/springframework/transaction/config/spring-tx-2.5.xsd, http://www.springframework.org/schema/beans/spring-beans-2.0.xsd=org/springframework/beans/factory/xml/spring-beans-2.0.xsd, http://www.springframework.org/schema/jms/spring-jms.xsd=org/springframework/jms/config/spring-jms-2.5.xsd, http://www.springframework.org/schema/beans/spring-beans-2.5.xsd=org/springframework/beans/factory/xml/spring-beans-2.5.xsd, http://www.springframework.org/schema/beans/spring-beans.xsd=org/springframework/beans/factory/xml/spring-beans-2.5.xsd, http://www.springframework.org/schema/jee/spring-jee.xsd=org/springframework/ejb/config/spring-jee-2.5.xsd, http://www.springframework.org/schema/tool/spring-tool.xsd=org/springframework/beans/factory/xml/spring-tool-2.5.xsd, http://www.springframework.org/schema/tx/spring-tx.xsd=org/springframework/transaction/config/spring-tx-2.5.xsd, http://www.springframework.org/schema/jee/spring-jee-2.0.xsd=org/springframework/ejb/config/spring-jee-2.0.xsd, http://www.springframework.org/schema/aop/spring-aop-2.0.xsd=org/springframework/aop/config/spring-aop-2.0.xsd, http://www.springframework.org/schema/aop/spring-aop-2.5.xsd=org/springframework/aop/config/spring-aop-2.5.xsd, http://www.springframework.org/schema/jee/spring-jee-2.5.xsd=org/springframework/ejb/config/spring-jee-2.5.xsd, http://www.springframework.org/schema/lang/spring-lang-2.0.xsd=org/springframework/scripting/config/spring-lang-2.0.xsd, http://www.springframework.org/schema/util/spring-util.xsd=org/springframework/beans/factory/xml/spring-util-2.5.xsd}
2015-12-21 16:01:33,572 [DEBUG] org.springframework.beans.factory.xml.PluggableSchemaResolver  - Found XML schema [http://www.springframework.org/schema/beans/spring-beans-2.5.xsd] in classpath: org/springframework/beans/factory/xml/spring-beans-2.5.xsd
2015-12-21 16:01:33,620 [DEBUG] org.springframework.beans.factory.xml.DefaultBeanDefinitionDocumentReader  - Loading bean definitions
2015-12-21 16:01:33,643 [DEBUG] org.springframework.beans.factory.xml.XmlBeanDefinitionReader  - Loaded 1 bean definitions from location pattern [applicationContext.xml]
2015-12-21 16:01:33,643 [INFO ] org.springframework.context.support.ClassPathXmlApplicationContext  - Bean factory for application context [org.springframework.context.support.ClassPathXmlApplicationContext@2c41f4]: org.springframework.beans.factory.support.DefaultListableBeanFactory@71cca7
2015-12-21 16:01:33,643 [DEBUG] org.springframework.context.support.ClassPathXmlApplicationContext  - 1 beans defined in org.springframework.context.support.ClassPathXmlApplicationContext@2c41f4: display name [org.springframework.context.support.ClassPathXmlApplicationContext@2c41f4]; startup date [Mon Dec 21 16:01:33 CST 2015]; root of context hierarchy
2015-12-21 16:01:33,699 [DEBUG] org.springframework.context.support.ClassPathXmlApplicationContext  - Unable to locate MessageSource with name 'messageSource': using default [org.springframework.context.support.DelegatingMessageSource@180d80f]
2015-12-21 16:01:33,701 [DEBUG] org.springframework.context.support.ClassPathXmlApplicationContext  - Unable to locate ApplicationEventMulticaster with name 'applicationEventMulticaster': using default [org.springframework.context.event.SimpleApplicationEventMulticaster@33ce2c]
2015-12-21 16:01:33,702 [INFO ] org.springframework.beans.factory.support.DefaultListableBeanFactory  - Pre-instantiating singletons in org.springframework.beans.factory.support.DefaultListableBeanFactory@71cca7: defining beans [iRemoteTest]; root of factory hierarchy
2015-12-21 16:01:33,703 [DEBUG] org.springframework.beans.factory.support.DefaultListableBeanFactory  - Creating shared instance of singleton bean 'iRemoteTest'
2015-12-21 16:01:33,704 [DEBUG] org.springframework.beans.factory.support.DefaultListableBeanFactory  - Creating instance of bean 'iRemoteTest'
2015-12-21 16:01:33,756 [DEBUG] org.springframework.beans.factory.support.DefaultListableBeanFactory  - Eagerly caching bean 'iRemoteTest' to allow for resolving potential circular references
2015-12-21 16:01:33,775 [DEBUG] org.springframework.beans.factory.support.DefaultListableBeanFactory  - Invoking afterPropertiesSet() on bean with name 'iRemoteTest'
2015-12-21 16:01:33,836 [DEBUG] org.springframework.core.CollectionFactory  - Falling back to plain synchronized [java.util.HashMap] for concurrent map
2015-12-21 16:01:33,843 [DEBUG] org.springframework.aop.framework.JdkDynamicAopProxy  - Creating JDK dynamic proxy: target source is EmptyTargetSource: no target class, static
2015-12-21 16:01:33,856 [DEBUG] org.springframework.beans.factory.support.DefaultListableBeanFactory  - Finished creating instance of bean 'iRemoteTest'
2015-12-21 16:01:33,857 [DEBUG] org.springframework.beans.factory.support.DefaultListableBeanFactory  - Returning cached instance of singleton bean 'iRemoteTest'
2015-12-21 16:01:33,921 [DEBUG] org.springframework.remoting.httpinvoker.SimpleHttpInvokerRequestExecutor  - Sending HTTP invoker request for service at [http://localhost:8080/springHttpInvoker/testRemote/remoteservice], with size 304
